<?xml version="1.0" encoding="UTF-8"?>
<!-- Generated by org.testng.reporters.JUnitReportReporter -->
<testsuite hostname="admin-PC" name="com.mcd.navigator.test.TestFranchiseNavigator" tests="1" failures="0" timestamp="8 May 2016 18:27:42 GMT" time="287.597" errors="0">
  <testcase name="verifyEastZoneHeaderInBlader" time="287.597" classname="com.mcd.navigator.test.TestFranchiseNavigator"/>
</testsuite> <!-- com.mcd.navigator.test.TestFranchiseNavigator -->
