<?xml version="1.0" encoding="UTF-8"?>
<!-- Generated by org.testng.reporters.JUnitReportReporter -->
<testsuite hostname="US-R9Z245L" name="com.mcd.navigator.test.TestPMONavigator" tests="3" failures="0" timestamp="9 May 2016 16:20:05 GMT" time="390.426" errors="0">
  <testcase name="verifyAlBladesForPMODivision" time="127.401" classname="com.mcd.navigator.test.TestPMONavigator"/>
  <testcase name="verifyAllBladeLevelsForPMOZone" time="127.749" classname="com.mcd.navigator.test.TestPMONavigator"/>
  <testcase name="verifyAlBladesForPMODevelopmentGroup" time="135.276" classname="com.mcd.navigator.test.TestPMONavigator"/>
</testsuite> <!-- com.mcd.navigator.test.TestPMONavigator -->
