<?xml version="1.0" encoding="UTF-8"?>
<!-- Generated by org.testng.reporters.JUnitReportReporter -->
<testsuite hostname="admin-PC" name="com.mcd.navigator.test.TestFranchiseNavigator" tests="5" failures="0" timestamp="8 May 2016 16:12:57 GMT" time="1764.389" errors="0">
  <testcase name="verifyAtlantaRegioHeaderInBlader" time="271.758" classname="com.mcd.navigator.test.TestFranchiseNavigator"/>
  <testcase name="verifyDataEntityMeasures" time="636.355" classname="com.mcd.navigator.test.TestFranchiseNavigator"/>
  <testcase name="verifyUserIsOnFranchiseNavigatorLandingPage" time="288.067" classname="com.mcd.navigator.test.TestFranchiseNavigator"/>
  <testcase name="selectEntityAndVerifyEntityAreDisplayedInBlader" time="300.343" classname="com.mcd.navigator.test.TestFranchiseNavigator"/>
  <testcase name="selectZoneAndVerifyZonesAreDisplayedInBlader" time="267.866" classname="com.mcd.navigator.test.TestFranchiseNavigator"/>
</testsuite> <!-- com.mcd.navigator.test.TestFranchiseNavigator -->
